[INFO] Scanning for projects...
[INFO] 
[INFO] ----------------< com.sliit:library-management-system >-----------------
[INFO] Building SLIIT Library Management System 1.0.0
[INFO]   from pom.xml
[INFO] --------------------------------[ jar ]---------------------------------
[INFO] 
[INFO] >>> spring-boot:3.2.0:run (default-cli) > test-compile @ library-management-system >>>
[INFO] 
[INFO] --- resources:3.3.1:resources (default-resources) @ library-management-system ---
[INFO] Copying 1 resource from src\main\resources to target\classes
[INFO] Copying 0 resource from src\main\resources to target\classes
[INFO] 
[INFO] --- compiler:3.11.0:compile (default-compile) @ library-management-system ---
[INFO] Nothing to compile - all classes are up to date
[INFO] 
[INFO] --- resources:3.3.1:testResources (default-testResources) @ library-management-system ---
[INFO] skip non existing resourceDirectory C:\Users\damin\Documents\Online_Library_Management_System\backend\src\test\resources
[INFO] 
[INFO] --- compiler:3.11.0:testCompile (default-testCompile) @ library-management-system ---
[INFO] No sources to compile
[INFO] 
[INFO] <<< spring-boot:3.2.0:run (default-cli) < test-compile @ library-management-system <<<
[INFO] 
[INFO] 
[INFO] --- spring-boot:3.2.0:run (default-cli) @ library-management-system ---
[INFO] Attaching agents: []

  .   ____          _            __ _ _
 /\\ / ___'_ __ _ _(_)_ __  __ _ \ \ \ \
( ( )\___ | '_ | '_| | '_ \/ _` | \ \ \ \
 \\/  ___)| |_)| | | | | || (_| |  ) ) ) )
  '  |____| .__|_| |_|_| |_\__, | / / / /
 =========|_|==============|___/=/_/_/_/
 :: Spring Boot ::                (v3.2.0)

2026-07-06T16:13:45.692+05:30  INFO 5680 --- [SLIIT Library Management System] [  restartedMain] c.s.l.LibraryManagementSystemApplication : Starting LibraryManagementSystemApplication using Java 21.0.8 with PID 5680 (C:\Users\damin\Documents\Online_Library_Management_System\backend\target\classes started by damin in C:\Users\damin\Documents\Online_Library_Management_System\backend)
2026-07-06T16:13:45.699+05:30 DEBUG 5680 --- [SLIIT Library Management System] [  restartedMain] c.s.l.LibraryManagementSystemApplication : Running with Spring Boot v3.2.0, Spring v6.1.1
2026-07-06T16:13:45.705+05:30  INFO 5680 --- [SLIIT Library Management System] [  restartedMain] c.s.l.LibraryManagementSystemApplication : No active profile set, falling back to 1 default profile: "default"
2026-07-06T16:13:45.780+05:30  INFO 5680 --- [SLIIT Library Management System] [  restartedMain] .e.DevToolsPropertyDefaultsPostProcessor : Devtools property defaults active! Set 'spring.devtools.add-properties' to 'false' to disable
2026-07-06T16:13:45.781+05:30  INFO 5680 --- [SLIIT Library Management System] [  restartedMain] .e.DevToolsPropertyDefaultsPostProcessor : For additional web related logging consider setting the 'logging.level.web' property to 'DEBUG'
2026-07-06T16:13:46.830+05:30  INFO 5680 --- [SLIIT Library Management System] [  restartedMain] .s.d.r.c.RepositoryConfigurationDelegate : Bootstrapping Spring Data JPA repositories in DEFAULT mode.
2026-07-06T16:13:46.947+05:30  INFO 5680 --- [SLIIT Library Management System] [  restartedMain] .s.d.r.c.RepositoryConfigurationDelegate : Finished Spring Data repository scanning in 106 ms. Found 12 JPA repository interfaces.
2026-07-06T16:13:47.766+05:30  INFO 5680 --- [SLIIT Library Management System] [  restartedMain] o.s.b.w.embedded.tomcat.TomcatWebServer  : Tomcat initialized with port 8080 (http)
2026-07-06T16:13:47.779+05:30  INFO 5680 --- [SLIIT Library Management System] [  restartedMain] o.apache.catalina.core.StandardService   : Starting service [Tomcat]
2026-07-06T16:13:47.780+05:30  INFO 5680 --- [SLIIT Library Management System] [  restartedMain] o.apache.catalina.core.StandardEngine    : Starting Servlet engine: [Apache Tomcat/10.1.16]
2026-07-06T16:13:47.826+05:30  INFO 5680 --- [SLIIT Library Management System] [  restartedMain] o.a.c.c.C.[Tomcat].[localhost].[/]       : Initializing Spring embedded WebApplicationContext
2026-07-06T16:13:47.827+05:30  INFO 5680 --- [SLIIT Library Management System] [  restartedMain] w.s.c.ServletWebServerApplicationContext : Root WebApplicationContext: initialization completed in 2046 ms
2026-07-06T16:13:47.960+05:30  INFO 5680 --- [SLIIT Library Management System] [  restartedMain] o.hibernate.jpa.internal.util.LogHelper  : HHH000204: Processing PersistenceUnitInfo [name: default]
2026-07-06T16:13:48.022+05:30  INFO 5680 --- [SLIIT Library Management System] [  restartedMain] org.hibernate.Version                    : HHH000412: Hibernate ORM core version 6.3.1.Final
2026-07-06T16:13:48.059+05:30  INFO 5680 --- [SLIIT Library Management System] [  restartedMain] o.h.c.internal.RegionFactoryInitiator    : HHH000026: Second-level cache disabled
2026-07-06T16:13:48.267+05:30  INFO 5680 --- [SLIIT Library Management System] [  restartedMain] o.s.o.j.p.SpringPersistenceUnitInfo      : No LoadTimeWeaver setup: ignoring JPA class transformer
2026-07-06T16:13:48.291+05:30  INFO 5680 --- [SLIIT Library Management System] [  restartedMain] com.zaxxer.hikari.HikariDataSource       : HikariPool-1 - Starting...
2026-07-06T16:13:48.435+05:30  INFO 5680 --- [SLIIT Library Management System] [  restartedMain] com.zaxxer.hikari.pool.HikariPool        : HikariPool-1 - Added connection com.mysql.cj.jdbc.ConnectionImpl@29e6e8e
2026-07-06T16:13:48.437+05:30  INFO 5680 --- [SLIIT Library Management System] [  restartedMain] com.zaxxer.hikari.HikariDataSource       : HikariPool-1 - Start completed.
2026-07-06T16:13:48.479+05:30  WARN 5680 --- [SLIIT Library Management System] [  restartedMain] org.hibernate.orm.deprecation            : HHH90000025: MySQLDialect does not need to be specified explicitly using 'hibernate.dialect' (remove the property setting and it will be selected by default)
2026-07-06T16:13:49.471+05:30  INFO 5680 --- [SLIIT Library Management System] [  restartedMain] o.h.e.t.j.p.i.JtaPlatformInitiator       : HHH000489: No JTA platform available (set 'hibernate.transaction.jta.platform' to enable JTA platform integration)
2026-07-06T16:13:49.592+05:30  INFO 5680 --- [SLIIT Library Management System] [  restartedMain] j.LocalContainerEntityManagerFactoryBean : Initialized JPA EntityManagerFactory for persistence unit 'default'
2026-07-06T16:13:49.821+05:30  INFO 5680 --- [SLIIT Library Management System] [  restartedMain] o.s.d.j.r.query.QueryEnhancerFactory     : Hibernate is in classpath; If applicable, HQL parser will be used.
2026-07-06T16:13:50.340+05:30 DEBUG 5680 --- [SLIIT Library Management System] [  restartedMain] c.s.library.security.AuthTokenFilter     : Filter 'authTokenFilter' configured for use
2026-07-06T16:13:50.340+05:30 DEBUG 5680 --- [SLIIT Library Management System] [  restartedMain] c.s.library.security.AuthTokenFilter     : Filter 'authenticationJwtTokenFilter' configured for use
2026-07-06T16:13:51.886+05:30  WARN 5680 --- [SLIIT Library Management System] [  restartedMain] JpaBaseConfiguration$JpaWebConfiguration : spring.jpa.open-in-view is enabled by default. Therefore, database queries may be performed during view rendering. Explicitly configure spring.jpa.open-in-view to disable this warning
2026-07-06T16:13:52.275+05:30  INFO 5680 --- [SLIIT Library Management System] [  restartedMain] o.s.s.web.DefaultSecurityFilterChain     : Will secure any request with [org.springframework.security.web.session.DisableEncodeUrlFilter@381ecfd7, org.springframework.security.web.context.request.async.WebAsyncManagerIntegrationFilter@27949ce9, org.springframework.security.web.context.SecurityContextHolderFilter@a90bc52, org.springframework.security.web.header.HeaderWriterFilter@3ec8fd76, org.springframework.web.filter.CorsFilter@2b897f98, org.springframework.security.web.authentication.logout.LogoutFilter@196269dd, com.sliit.library.security.AuthTokenFilter@5ae6998f, org.springframework.security.web.savedrequest.RequestCacheAwareFilter@1378215d, org.springframework.security.web.servletapi.SecurityContextHolderAwareRequestFilter@5a0ccccf, org.springframework.security.web.authentication.AnonymousAuthenticationFilter@24338fae, org.springframework.security.web.session.SessionManagementFilter@2a1d2caf, org.springframework.security.web.access.ExceptionTranslationFilter@1597cf80, org.springframework.security.web.access.intercept.AuthorizationFilter@4e9a21fc]
2026-07-06T16:13:52.575+05:30  INFO 5680 --- [SLIIT Library Management System] [  restartedMain] o.s.b.d.a.OptionalLiveReloadServer       : LiveReload server is running on port 35729
2026-07-06T16:13:52.614+05:30  INFO 5680 --- [SLIIT Library Management System] [  restartedMain] o.s.b.w.embedded.tomcat.TomcatWebServer  : Tomcat started on port 8080 (http) with context path ''
2026-07-06T16:13:52.625+05:30  INFO 5680 --- [SLIIT Library Management System] [  restartedMain] c.s.l.LibraryManagementSystemApplication : Started LibraryManagementSystemApplication in 7.293 seconds (process running for 7.742)
Hibernate: 
    select
        count(*) 
    from
        faculties f1_0
Hibernate: 
    select
        count(*) 
    from
        member_types mt1_0
Hibernate: 
    select
        count(*) 
    from
        categories c1_0
Hibernate: 
    select
        count(*) 
    from
        users u1_0
Hibernate: 
    select
        count(*) 
    from
        books b1_0
2026-07-06T16:14:07.623+05:30  INFO 5680 --- [SLIIT Library Management System] [nio-8080-exec-1] o.a.c.c.C.[Tomcat].[localhost].[/]       : Initializing Spring DispatcherServlet 'dispatcherServlet'
2026-07-06T16:14:07.627+05:30  INFO 5680 --- [SLIIT Library Management System] [nio-8080-exec-1] o.s.web.servlet.DispatcherServlet        : Initializing Servlet 'dispatcherServlet'
2026-07-06T16:14:07.632+05:30  INFO 5680 --- [SLIIT Library Management System] [nio-8080-exec-1] o.s.web.servlet.DispatcherServlet        : Completed initialization in 2 ms
2026-07-06T16:14:07.656+05:30 DEBUG 5680 --- [SLIIT Library Management System] [nio-8080-exec-1] o.s.security.web.FilterChainProxy        : Securing OPTIONS /api/notifications/user/4/unread-count
2026-07-06T16:14:07.747+05:30 DEBUG 5680 --- [SLIIT Library Management System] [nio-8080-exec-4] o.s.security.web.FilterChainProxy        : Securing GET /api/notifications/user/4/unread-count
Hibernate: 
    select
        u1_0.id,
        u1_0.created_at,
        u1_0.current_borrow_count,
        u1_0.email,
        u1_0.faculty,
        u1_0.full_name,
        u1_0.is_active,
        u1_0.outstanding_fine,
        u1_0.password,
        u1_0.phone_number,
        u1_0.profile_image_url,
        u1_0.programme,
        u1_0.role,
        u1_0.student_staff_id,
        u1_0.updated_at 
    from
        users u1_0 
    where
        u1_0.email=?
2026-07-06T16:14:08.444+05:30  WARN 5680 --- [SLIIT Library Management System] [nio-8080-exec-4] o.s.w.s.h.HandlerMappingIntrospector     : Cache miss for REQUEST dispatch to '/api/notifications/user/4/unread-count' (previous null). Performing MatchableHandlerMapping lookup. This is logged once only at WARN level, and every time at TRACE.
2026-07-06T16:14:08.478+05:30 DEBUG 5680 --- [SLIIT Library Management System] [nio-8080-exec-4] o.s.security.web.FilterChainProxy        : Secured GET /api/notifications/user/4/unread-count
Hibernate: 
    select
        u1_0.id,
        u1_0.created_at,
        u1_0.current_borrow_count,
        u1_0.email,
        u1_0.faculty,
        u1_0.full_name,
        u1_0.is_active,
        u1_0.outstanding_fine,
        u1_0.password,
        u1_0.phone_number,
        u1_0.profile_image_url,
        u1_0.programme,
        u1_0.role,
        u1_0.student_staff_id,
        u1_0.updated_at 
    from
        users u1_0 
    where
        u1_0.email=?
2026-07-06T16:14:08.578+05:30 DEBUG 5680 --- [SLIIT Library Management System] [nio-8080-exec-4] horizationManagerBeforeMethodInterceptor : Authorizing method invocation ReflectiveMethodInvocation: public org.springframework.http.ResponseEntity com.sliit.library.controller.NotificationController.getUnreadCount(java.lang.Long); target is of class [com.sliit.library.controller.NotificationController]
2026-07-06T16:14:08.651+05:30 DEBUG 5680 --- [SLIIT Library Management System] [nio-8080-exec-4] horizationManagerBeforeMethodInterceptor : Authorized method invocation ReflectiveMethodInvocation: public org.springframework.http.ResponseEntity com.sliit.library.controller.NotificationController.getUnreadCount(java.lang.Long); target is of class [com.sliit.library.controller.NotificationController]
Hibernate: 
    select
        count(n1_0.id) 
    from
        notifications n1_0 
    where
        n1_0.user_id=? 
        and not(n1_0.is_read)
