[INFO] Scanning for projects...
[INFO] 
[INFO] ----------------< com.sliit:library-management-system >-----------------
[INFO] Building SLIIT Library Management System 1.0.0
[INFO]   from pom.xml
[INFO] --------------------------------[ jar ]---------------------------------
[INFO] 
[INFO] >>> spring-boot:3.2.0:run (default-cli) > test-compile @ library-management-system >>>
[INFO] 
[INFO] --- resources:3.3.1:resources (default-resources) @ library-management-system ---
[INFO] Copying 1 resource from src\main\resources to target\classes
[INFO] Copying 0 resource from src\main\resources to target\classes
[INFO] 
[INFO] --- compiler:3.11.0:compile (default-compile) @ library-management-system ---
[INFO] Changes detected - recompiling the module! :input tree
[INFO] Compiling 86 source files with javac [debug release 17] to target\classes
[INFO] Annotation processing is enabled because one or more processors were found
  on the class path. A future release of javac may disable annotation processing
  unless at least one processor is specified by name (-processor), or a search
  path is specified (--processor-path, --processor-module-path), or annotation
  processing is enabled explicitly (-proc:only, -proc:full).
  Use -Xlint:-options to suppress this message.
  Use -proc:none to disable annotation processing.
[INFO] /C:/Users/damin/Documents/Online_Library_Management_System/backend/src/main/java/com/sliit/library/security/JwtUtils.java: C:\Users\damin\Documents\Online_Library_Management_System\backend\src\main\java\com\sliit\library\security\JwtUtils.java uses or overrides a deprecated API.
[INFO] /C:/Users/damin/Documents/Online_Library_Management_System/backend/src/main/java/com/sliit/library/security/JwtUtils.java: Recompile with -Xlint:deprecation for details.
[INFO] 
[INFO] --- resources:3.3.1:testResources (default-testResources) @ library-management-system ---
[INFO] skip non existing resourceDirectory C:\Users\damin\Documents\Online_Library_Management_System\backend\src\test\resources
[INFO] 
[INFO] --- compiler:3.11.0:testCompile (default-testCompile) @ library-management-system ---
[INFO] No sources to compile
[INFO] 
[INFO] <<< spring-boot:3.2.0:run (default-cli) < test-compile @ library-management-system <<<
[INFO] 
[INFO] 
[INFO] --- spring-boot:3.2.0:run (default-cli) @ library-management-system ---
[INFO] Attaching agents: []

  .   ____          _            __ _ _
 /\\ / ___'_ __ _ _(_)_ __  __ _ \ \ \ \
( ( )\___ | '_ | '_| | '_ \/ _` | \ \ \ \
 \\/  ___)| |_)| | | | | || (_| |  ) ) ) )
  '  |____| .__|_| |_|_| |_\__, | / / / /
 =========|_|==============|___/=/_/_/_/
 :: Spring Boot ::                (v3.2.0)

2026-07-06T16:12:46.577+05:30  INFO 31996 --- [SLIIT Library Management System] [  restartedMain] c.s.l.LibraryManagementSystemApplication : Starting LibraryManagementSystemApplication using Java 21.0.8 with PID 31996 (C:\Users\damin\Documents\Online_Library_Management_System\backend\target\classes started by damin in C:\Users\damin\Documents\Online_Library_Management_System\backend)
2026-07-06T16:12:46.579+05:30 DEBUG 31996 --- [SLIIT Library Management System] [  restartedMain] c.s.l.LibraryManagementSystemApplication : Running with Spring Boot v3.2.0, Spring v6.1.1
2026-07-06T16:12:46.581+05:30  INFO 31996 --- [SLIIT Library Management System] [  restartedMain] c.s.l.LibraryManagementSystemApplication : No active profile set, falling back to 1 default profile: "default"
2026-07-06T16:12:46.658+05:30  INFO 31996 --- [SLIIT Library Management System] [  restartedMain] .e.DevToolsPropertyDefaultsPostProcessor : Devtools property defaults active! Set 'spring.devtools.add-properties' to 'false' to disable
2026-07-06T16:12:46.659+05:30  INFO 31996 --- [SLIIT Library Management System] [  restartedMain] .e.DevToolsPropertyDefaultsPostProcessor : For additional web related logging consider setting the 'logging.level.web' property to 'DEBUG'
2026-07-06T16:12:49.302+05:30  INFO 31996 --- [SLIIT Library Management System] [  restartedMain] .s.d.r.c.RepositoryConfigurationDelegate : Bootstrapping Spring Data JPA repositories in DEFAULT mode.
2026-07-06T16:12:49.462+05:30  INFO 31996 --- [SLIIT Library Management System] [  restartedMain] .s.d.r.c.RepositoryConfigurationDelegate : Finished Spring Data repository scanning in 146 ms. Found 12 JPA repository interfaces.
2026-07-06T16:12:50.199+05:30  INFO 31996 --- [SLIIT Library Management System] [  restartedMain] o.s.b.w.embedded.tomcat.TomcatWebServer  : Tomcat initialized with port 8080 (http)
2026-07-06T16:12:50.211+05:30  INFO 31996 --- [SLIIT Library Management System] [  restartedMain] o.apache.catalina.core.StandardService   : Starting service [Tomcat]
2026-07-06T16:12:50.211+05:30  INFO 31996 --- [SLIIT Library Management System] [  restartedMain] o.apache.catalina.core.StandardEngine    : Starting Servlet engine: [Apache Tomcat/10.1.16]
2026-07-06T16:12:50.255+05:30  INFO 31996 --- [SLIIT Library Management System] [  restartedMain] o.a.c.c.C.[Tomcat].[localhost].[/]       : Initializing Spring embedded WebApplicationContext
2026-07-06T16:12:50.256+05:30  INFO 31996 --- [SLIIT Library Management System] [  restartedMain] w.s.c.ServletWebServerApplicationContext : Root WebApplicationContext: initialization completed in 3595 ms
2026-07-06T16:12:50.394+05:30  INFO 31996 --- [SLIIT Library Management System] [  restartedMain] o.hibernate.jpa.internal.util.LogHelper  : HHH000204: Processing PersistenceUnitInfo [name: default]
2026-07-06T16:12:50.462+05:30  INFO 31996 --- [SLIIT Library Management System] [  restartedMain] org.hibernate.Version                    : HHH000412: Hibernate ORM core version 6.3.1.Final
2026-07-06T16:12:50.504+05:30  INFO 31996 --- [SLIIT Library Management System] [  restartedMain] o.h.c.internal.RegionFactoryInitiator    : HHH000026: Second-level cache disabled
2026-07-06T16:12:50.739+05:30  INFO 31996 --- [SLIIT Library Management System] [  restartedMain] o.s.o.j.p.SpringPersistenceUnitInfo      : No LoadTimeWeaver setup: ignoring JPA class transformer
2026-07-06T16:12:50.781+05:30  INFO 31996 --- [SLIIT Library Management System] [  restartedMain] com.zaxxer.hikari.HikariDataSource       : HikariPool-1 - Starting...
2026-07-06T16:12:50.975+05:30  INFO 31996 --- [SLIIT Library Management System] [  restartedMain] com.zaxxer.hikari.pool.HikariPool        : HikariPool-1 - Added connection com.mysql.cj.jdbc.ConnectionImpl@2f0087d8
2026-07-06T16:12:50.978+05:30  INFO 31996 --- [SLIIT Library Management System] [  restartedMain] com.zaxxer.hikari.HikariDataSource       : HikariPool-1 - Start completed.
2026-07-06T16:12:51.037+05:30  WARN 31996 --- [SLIIT Library Management System] [  restartedMain] org.hibernate.orm.deprecation            : HHH90000025: MySQLDialect does not need to be specified explicitly using 'hibernate.dialect' (remove the property setting and it will be selected by default)
2026-07-06T16:12:52.141+05:30  INFO 31996 --- [SLIIT Library Management System] [  restartedMain] o.h.e.t.j.p.i.JtaPlatformInitiator       : HHH000489: No JTA platform available (set 'hibernate.transaction.jta.platform' to enable JTA platform integration)
2026-07-06T16:12:52.326+05:30  INFO 31996 --- [SLIIT Library Management System] [  restartedMain] j.LocalContainerEntityManagerFactoryBean : Initialized JPA EntityManagerFactory for persistence unit 'default'
2026-07-06T16:12:52.608+05:30  INFO 31996 --- [SLIIT Library Management System] [  restartedMain] o.s.d.j.r.query.QueryEnhancerFactory     : Hibernate is in classpath; If applicable, HQL parser will be used.
2026-07-06T16:12:53.264+05:30 DEBUG 31996 --- [SLIIT Library Management System] [  restartedMain] c.s.library.security.AuthTokenFilter     : Filter 'authTokenFilter' configured for use
2026-07-06T16:12:53.265+05:30 DEBUG 31996 --- [SLIIT Library Management System] [  restartedMain] c.s.library.security.AuthTokenFilter     : Filter 'authenticationJwtTokenFilter' configured for use
2026-07-06T16:12:54.061+05:30  WARN 31996 --- [SLIIT Library Management System] [  restartedMain] JpaBaseConfiguration$JpaWebConfiguration : spring.jpa.open-in-view is enabled by default. Therefore, database queries may be performed during view rendering. Explicitly configure spring.jpa.open-in-view to disable this warning
2026-07-06T16:12:54.330+05:30  INFO 31996 --- [SLIIT Library Management System] [  restartedMain] o.s.s.web.DefaultSecurityFilterChain     : Will secure any request with [org.springframework.security.web.session.DisableEncodeUrlFilter@540a0cc8, org.springframework.security.web.context.request.async.WebAsyncManagerIntegrationFilter@20f50eca, org.springframework.security.web.context.SecurityContextHolderFilter@49e0ec10, org.springframework.security.web.header.HeaderWriterFilter@58fdb071, org.springframework.web.filter.CorsFilter@158a6e17, org.springframework.security.web.authentication.logout.LogoutFilter@6b65a4e5, com.sliit.library.security.AuthTokenFilter@24615404, org.springframework.security.web.savedrequest.RequestCacheAwareFilter@46edf337, org.springframework.security.web.servletapi.SecurityContextHolderAwareRequestFilter@2bfe41b2, org.springframework.security.web.authentication.AnonymousAuthenticationFilter@51782cc6, org.springframework.security.web.session.SessionManagementFilter@391b8303, org.springframework.security.web.access.ExceptionTranslationFilter@5894143e, org.springframework.security.web.access.intercept.AuthorizationFilter@48979390]
2026-07-06T16:12:54.572+05:30  WARN 31996 --- [SLIIT Library Management System] [  restartedMain] o.s.b.d.a.OptionalLiveReloadServer       : Unable to start LiveReload server
2026-07-06T16:12:54.590+05:30  WARN 31996 --- [SLIIT Library Management System] [  restartedMain] ConfigServletWebServerApplicationContext : Exception encountered during context initialization - cancelling refresh attempt: org.springframework.context.ApplicationContextException: Failed to start bean 'webServerStartStop'
2026-07-06T16:12:54.592+05:30  INFO 31996 --- [SLIIT Library Management System] [  restartedMain] j.LocalContainerEntityManagerFactoryBean : Closing JPA EntityManagerFactory for persistence unit 'default'
2026-07-06T16:12:54.594+05:30  INFO 31996 --- [SLIIT Library Management System] [  restartedMain] com.zaxxer.hikari.HikariDataSource       : HikariPool-1 - Shutdown initiated...
2026-07-06T16:12:54.601+05:30  INFO 31996 --- [SLIIT Library Management System] [  restartedMain] com.zaxxer.hikari.HikariDataSource       : HikariPool-1 - Shutdown completed.
2026-07-06T16:12:54.612+05:30  INFO 31996 --- [SLIIT Library Management System] [  restartedMain] .s.b.a.l.ConditionEvaluationReportLogger : 

Error starting ApplicationContext. To display the condition evaluation report re-run your application with 'debug' enabled.
2026-07-06T16:12:54.628+05:30 ERROR 31996 --- [SLIIT Library Management System] [  restartedMain] o.s.b.d.LoggingFailureAnalysisReporter   : 

***************************
APPLICATION FAILED TO START
***************************

Description:

Web server failed to start. Port 8080 was already in use.

Action:

Identify and stop the process that's listening on port 8080 or configure this application to listen on another port.

[INFO] ------------------------------------------------------------------------
[INFO] BUILD SUCCESS
[INFO] ------------------------------------------------------------------------
[INFO] Total time:  24.989 s
[INFO] Finished at: 2026-07-06T16:12:54+05:30
[INFO] ------------------------------------------------------------------------
